2024-09-20 09:33:46,702 [INFO] Loading model t5-small on cpu...
2024-09-20 09:33:47,754 [INFO] Model t5-small loaded successfully on cpu.
2024-09-20 09:33:47,760 [INFO] Generating initial summary using custom prompt...
2024-09-20 09:33:52,161 [INFO] Initial summary generated.
2024-09-20 09:33:52,162 [INFO] Starting Chain of Verification (CoVe)...
2024-09-20 09:33:52,162 [WARNING] Point 'china's economy picked up pace in the first quarter as its plan to boost growth began to show results' not clearly supported in the original text.
2024-09-20 09:33:52,162 [WARNING] Point 'but that approach is leading to a lopsided recovery and stoking trade tensions overseas' not clearly supported in the original text.
2024-09-20 09:33:52,181 [WARNING] Point 'the loss of some momentum in March reinforced expectations that further stimulus will be needed to ensure that the government meets its growth target of 5 per cent for the year.' not clearly supported in the original text.
2024-09-20 09:33:52,181 [INFO] Verified summary after CoVe: many economists say Beijing still isn’t doing enough to support households and nurture a more balanced recovery
2024-09-20 09:34:51,063 [INFO] Loading model t5-small on cpu...
2024-09-20 09:34:52,053 [INFO] Model t5-small loaded successfully on cpu.
2024-09-20 09:34:52,059 [INFO] Generating initial summary using custom prompt...
2024-09-20 09:34:57,374 [INFO] Initial summary generated.
2024-09-20 09:34:57,374 [INFO] Starting Chain of Verification (CoVe)...
2024-09-20 09:34:57,374 [WARNING] Point 'china's economy grew 5.3 per cent in the first quarter compared with the same three months a year earlier' not clearly supported in the original text.
2024-09-20 09:34:57,374 [WARNING] Point 'the pick-up was propelled by a rise in industrial production and swelling investment in factories' not clearly supported in the original text.
2024-09-20 09:34:57,374 [WARNING] Point 'china is also seeking to stake out a commanding lead in newer hi-tech industries such as electric vehicles and renewable energy equipment' not clearly supported in the original text.
2024-09-20 09:34:57,374 [WARNING] Point 'but the strategy is raising hackles around the world as governments baulk at the risk to jobs and industries from a potential rerun of the “China shock” of' not clearly supported in the original text.
2024-09-20 09:34:57,374 [INFO] Verified summary after CoVe: 
2024-09-20 09:35:28,982 [INFO] Loading model t5-small on cpu...
2024-09-20 09:35:30,181 [INFO] Model t5-small loaded successfully on cpu.
2024-09-20 09:35:30,187 [INFO] Generating initial summary using custom prompt...
2024-09-20 09:35:34,806 [INFO] Initial summary generated.
2024-09-20 09:35:34,806 [INFO] Starting Chain of Verification (CoVe)...
2024-09-20 09:35:34,807 [WARNING] Point 'china's economy picked up pace in the first quarter as its plan to boost growth began to show results' not clearly supported in the original text.
2024-09-20 09:35:34,807 [WARNING] Point 'but that approach is leading to a lopsided recovery and stoking trade tensions overseas' not clearly supported in the original text.
2024-09-20 09:35:34,807 [WARNING] Point 'the loss of some momentum in March reinforced expectations that further stimulus will be needed to ensure that the government meets its growth target of 5 per cent for the year.' not clearly supported in the original text.
2024-09-20 09:35:34,807 [INFO] Verified summary after CoVe: many economists say Beijing still isn’t doing enough to support households and nurture a more balanced recovery
2024-09-20 11:49:46,439 [INFO] Loading model t5-small on cpu...
2024-09-20 11:49:47,262 [INFO] Model t5-small loaded successfully on cpu.
2024-09-20 11:49:47,265 [INFO] Generating initial summary using custom prompt...
2024-09-20 11:49:50,333 [INFO] Initial summary generated.
2024-09-20 11:49:50,333 [INFO] Starting Chain of Verification (CoVe)...
2024-09-20 11:49:50,333 [WARNING] Point 'china's economy picked up pace in the first quarter as its plan to boost growth began to show results' not clearly supported in the original text.
2024-09-20 11:49:50,333 [WARNING] Point 'but that approach is leading to a lopsided recovery and stoking trade tensions overseas' not clearly supported in the original text.
2024-09-20 11:49:50,334 [WARNING] Point 'the loss of some momentum in March reinforced expectations that further stimulus will be needed to ensure that the government meets its growth target of 5 per cent for the year.' not clearly supported in the original text.
2024-09-20 11:49:50,334 [INFO] Verified summary after CoVe: many economists say Beijing still isn’t doing enough to support households and nurture a more balanced recovery
