2024-09-18 13:29:32,842 [INFO] Loading model t5-small on cpu...
2024-09-18 13:29:33,502 [INFO] Model t5-small loaded successfully on cpu.
2024-09-18 13:29:33,502 [INFO] Tokenizing input text for summarization.
2024-09-18 13:29:33,506 [INFO] Generating summary using custom prompt...
2024-09-18 13:29:37,089 [INFO] Summary generated successfully.
2024-09-18 15:07:27,032 [INFO] Loading model t5-small on cpu...
2024-09-18 15:07:27,499 [INFO] Model t5-small loaded successfully on cpu.
2024-09-18 15:07:27,499 [INFO] Tokenizing input text for summarization.
2024-09-18 15:07:27,501 [INFO] Generating summary using custom prompt...
2024-09-18 15:07:30,727 [INFO] Summary generated successfully.
2024-09-18 15:11:49,335 [INFO] Loading model t5-small on cpu...
2024-09-18 15:11:49,784 [INFO] Model t5-small loaded successfully on cpu.
2024-09-18 15:11:49,784 [INFO] Tokenizing input text for summarization.
2024-09-18 15:11:49,786 [INFO] Generating summary using custom prompt...
2024-09-18 15:11:55,919 [INFO] Summary generated successfully.
2024-09-18 15:14:34,110 [INFO] Loading model t5-small on cpu...
2024-09-18 15:14:34,895 [INFO] Model t5-small loaded successfully on cpu.
2024-09-18 15:14:34,895 [INFO] Tokenizing input text for summarization.
2024-09-18 15:14:34,900 [INFO] Generating summary using custom prompt...
2024-09-18 15:14:40,815 [INFO] Summary generated successfully.
2024-09-18 15:16:17,854 [INFO] Loading model t5-small on cpu...
2024-09-18 15:16:18,232 [INFO] Model t5-small loaded successfully on cpu.
2024-09-18 15:16:18,232 [INFO] Tokenizing input text for summarization.
2024-09-18 15:16:18,235 [INFO] Generating summary using custom prompt...
2024-09-18 15:16:21,497 [INFO] Summary generated successfully.
