2024-09-17 11:01:55,204 [INFO] Loading model google/pegasus-xsum...
2024-09-17 11:01:58,405 [INFO] Model google/pegasus-xsum loaded successfully.
2024-09-17 11:01:58,410 [INFO] Tokenizing input text for summarization.
2024-09-17 11:01:58,416 [INFO] Generating fine-tuned summary...
2024-09-17 11:02:26,883 [INFO] Summary generated successfully. Now cleaning up the text.
2024-09-17 11:02:26,883 [INFO] Cleaning summary to remove filler words...
2024-09-17 11:06:39,207 [INFO] Loading model google/pegasus-xsum...
2024-09-17 11:06:42,076 [INFO] Model google/pegasus-xsum loaded successfully.
2024-09-17 11:06:42,080 [INFO] Tokenizing input text for summarization.
2024-09-17 11:06:42,093 [INFO] Generating fine-tuned summary...
2024-09-17 11:07:10,612 [INFO] Summary generated successfully. Now cleaning up the text.
2024-09-17 11:07:10,612 [INFO] Cleaning summary to remove filler words...
2024-09-17 15:51:34,657 [INFO] Loading model google/pegasus-xsum...
2024-09-17 15:51:37,736 [INFO] Model google/pegasus-xsum loaded successfully.
2024-09-17 15:51:37,744 [INFO] Tokenizing input text for summarization.
2024-09-17 15:51:37,748 [INFO] Generating fine-tuned summary...
2024-09-17 15:51:49,798 [INFO] Summary generated successfully. Now cleaning up the text.
2024-09-17 15:51:49,798 [INFO] Cleaning summary to remove filler words...
2024-09-17 15:52:24,917 [INFO] Loading model google/pegasus-xsum...
2024-09-17 15:52:28,607 [INFO] Model google/pegasus-xsum loaded successfully.
2024-09-17 15:52:28,619 [INFO] Tokenizing input text for summarization.
2024-09-17 15:52:28,626 [INFO] Generating fine-tuned summary...
2024-09-17 15:52:38,739 [INFO] Summary generated successfully. Now cleaning up the text.
2024-09-17 15:52:38,739 [INFO] Cleaning summary to remove filler words...
2024-09-18 12:09:49,906 [INFO] Loading model google/pegasus-xsum...
2024-09-18 12:09:54,569 [INFO] Model google/pegasus-xsum loaded successfully.
2024-09-18 12:09:54,584 [INFO] Tokenizing input text for summarization.
2024-09-18 12:09:54,595 [INFO] Generating fine-tuned summary...
2024-09-18 12:10:06,917 [INFO] Summary generated successfully. Now cleaning up the text.
2024-09-18 12:10:06,917 [INFO] Cleaning summary to remove filler words...
2024-09-18 12:10:36,559 [INFO] Loading model google/pegasus-xsum...
2024-09-18 12:10:43,109 [INFO] Model google/pegasus-xsum loaded successfully.
2024-09-18 12:10:43,114 [INFO] Tokenizing input text for summarization.
2024-09-18 12:10:43,123 [INFO] Generating fine-tuned summary...
2024-09-18 12:10:54,210 [INFO] Summary generated successfully. Now cleaning up the text.
2024-09-18 12:10:54,211 [INFO] Cleaning summary to remove filler words...
2024-09-18 13:21:07,774 [INFO] Loading model google/pegasus-xsum...
2024-09-18 13:21:12,332 [INFO] Model google/pegasus-xsum loaded successfully.
2024-09-18 13:21:12,336 [INFO] Tokenizing input text for summarization.
2024-09-18 13:21:12,340 [INFO] Generating fine-tuned summary...
2024-09-18 13:21:28,377 [INFO] Summary generated successfully. Now cleaning up the text.
2024-09-18 13:21:28,378 [INFO] Cleaning summary to remove filler words...
2024-09-18 13:22:26,543 [INFO] Loading model google/pegasus-xsum...
2024-09-18 13:22:29,028 [INFO] Model google/pegasus-xsum loaded successfully.
2024-09-18 13:22:29,032 [INFO] Tokenizing input text for summarization.
2024-09-18 13:22:29,036 [INFO] Generating fine-tuned summary...
2024-09-18 13:22:42,070 [INFO] Summary generated successfully. Now cleaning up the text.
2024-09-18 13:22:42,071 [INFO] Cleaning summary to remove filler words...
2024-09-18 13:23:23,450 [INFO] Loading model google/pegasus-xsum...
2024-09-18 13:23:26,285 [INFO] Model google/pegasus-xsum loaded successfully.
2024-09-18 13:23:26,289 [INFO] Tokenizing input text for summarization.
2024-09-18 13:23:26,293 [INFO] Generating fine-tuned summary...
2024-09-18 13:23:38,277 [INFO] Summary generated successfully. Now cleaning up the text.
2024-09-18 13:23:38,278 [INFO] Cleaning summary to remove filler words...
2024-09-18 15:04:49,306 [INFO] Loading model google/pegasus-xsum...
2024-09-18 15:04:52,006 [INFO] Model google/pegasus-xsum loaded successfully.
2024-09-18 15:04:52,010 [INFO] Tokenizing input text for summarization.
2024-09-18 15:04:52,013 [INFO] Generating fine-tuned summary...
2024-09-18 15:05:02,874 [INFO] Summary generated successfully. Now cleaning up the text.
2024-09-18 15:05:02,874 [INFO] Cleaning summary to remove filler words...
2024-09-18 15:06:10,172 [INFO] Loading model google/pegasus-xsum...
2024-09-18 15:06:12,847 [INFO] Model google/pegasus-xsum loaded successfully.
2024-09-18 15:06:12,850 [INFO] Tokenizing input text for summarization.
2024-09-18 15:06:12,851 [INFO] Generating fine-tuned summary...
2024-09-18 15:06:22,320 [INFO] Summary generated successfully. Now cleaning up the text.
2024-09-18 15:06:22,320 [INFO] Cleaning summary to remove filler words...
2024-09-18 15:11:42,724 [INFO] Loading model google/pegasus-xsum...
2024-09-18 15:11:46,204 [INFO] Model google/pegasus-xsum loaded successfully.
2024-09-18 15:11:46,207 [INFO] Tokenizing input text for summarization.
2024-09-18 15:11:46,209 [INFO] Generating fine-tuned summary...
2024-09-18 15:11:59,276 [INFO] Summary generated successfully. Now cleaning up the text.
2024-09-18 15:11:59,277 [INFO] Cleaning summary to remove filler words...
2024-09-18 15:14:23,578 [INFO] Loading model google/pegasus-xsum...
2024-09-18 15:14:26,412 [INFO] Model google/pegasus-xsum loaded successfully.
2024-09-18 15:14:26,417 [INFO] Tokenizing input text for summarization.
2024-09-18 15:14:26,420 [INFO] Generating fine-tuned summary...
2024-09-18 15:14:40,849 [INFO] Summary generated successfully. Now cleaning up the text.
2024-09-18 15:14:40,849 [INFO] Cleaning summary to remove filler words...
2024-09-18 15:15:27,329 [INFO] Loading model google/pegasus-xsum...
2024-09-18 15:15:30,123 [INFO] Model google/pegasus-xsum loaded successfully.
2024-09-18 15:15:30,127 [INFO] Tokenizing input text for summarization.
2024-09-18 15:15:30,130 [INFO] Generating fine-tuned summary...
2024-09-18 15:15:42,010 [INFO] Summary generated successfully. Now cleaning up the text.
2024-09-18 15:15:42,010 [INFO] Cleaning summary to remove filler words...
2024-09-19 15:28:48,400 [INFO] Loading model google/pegasus-xsum...
2024-09-19 15:28:51,554 [INFO] Model google/pegasus-xsum loaded successfully.
2024-09-19 15:28:51,558 [INFO] Tokenizing input text for summarization.
2024-09-19 15:28:51,561 [INFO] Generating fine-tuned summary...
2024-09-19 15:29:27,086 [INFO] Summary generated successfully. Now cleaning up the text.
2024-09-19 15:29:27,086 [INFO] Cleaning summary to remove filler words...
2024-09-19 15:48:09,161 [INFO] Loading model google/pegasus-xsum...
2024-09-19 15:48:11,874 [INFO] Model google/pegasus-xsum loaded successfully.
2024-09-19 15:48:11,878 [INFO] Tokenizing input text for summarization.
2024-09-19 15:48:11,880 [INFO] Generating fine-tuned summary...
2024-09-19 15:48:39,916 [INFO] Summary generated successfully. Now cleaning up the text.
2024-09-19 15:48:39,917 [INFO] Cleaning summary to remove filler words...
2024-09-19 16:00:38,004 [INFO] Loading model google/pegasus-xsum...
2024-09-19 16:00:40,590 [INFO] Model google/pegasus-xsum loaded successfully.
2024-09-19 16:00:40,593 [INFO] Tokenizing input text for summarization.
2024-09-19 16:00:40,598 [INFO] Generating fine-tuned summary...
2024-09-19 16:01:11,263 [INFO] Summary generated successfully. Now cleaning up the text.
2024-09-19 16:01:11,264 [INFO] Cleaning summary to remove filler words...
2024-09-19 16:11:13,126 [INFO] Loading model google/pegasus-xsum...
2024-09-19 16:11:15,779 [INFO] Model google/pegasus-xsum loaded successfully.
2024-09-19 16:11:15,783 [INFO] Tokenizing input text for summarization.
2024-09-19 16:11:15,785 [INFO] Generating fine-tuned summary...
2024-09-19 16:11:44,180 [INFO] Summary generated successfully. Now cleaning up the text.
2024-09-19 16:11:44,180 [INFO] Cleaning summary to remove filler words...
2024-09-26 17:51:06,843 [INFO] Loading model google/pegasus-xsum...
2024-09-26 17:51:20,263 [INFO] Model google/pegasus-xsum loaded successfully.
2024-09-26 17:51:20,286 [INFO] Tokenizing input text for summarization.
2024-09-26 17:51:20,288 [INFO] Generating fine-tuned summary...
2024-09-26 17:51:55,444 [INFO] Summary generated successfully. Now cleaning up the text.
2024-09-26 17:51:55,444 [INFO] Cleaning summary to remove filler words...
