2024-09-26 17:53:43,135 [INFO] Loading model google/pegasus-xsum...
2024-09-26 17:53:49,703 [INFO] Model google/pegasus-xsum loaded successfully.
2024-09-26 17:53:50,002 [INFO] Tokenizing input text for summarization.
2024-09-26 17:53:50,004 [INFO] Generating fine-tuned summary...
2024-09-26 17:54:24,686 [INFO] Summary generated successfully. Now cleaning up the text.
2024-09-26 17:54:24,686 [INFO] Cleaning summary to remove filler words...
2024-09-26 17:54:24,686 [INFO] Cleaning summary to remove filler words...
2024-09-26 17:54:24,686 [INFO] Cleaning summary to remove filler words...
2024-09-26 17:54:24,735 [INFO] Using default tokenizer.
2024-09-26 18:01:02,012 [INFO] Loading model google/pegasus-xsum...
2024-09-26 18:01:10,110 [INFO] Model google/pegasus-xsum loaded successfully.
2024-09-26 18:01:10,465 [INFO] Tokenizing input text for summarization.
2024-09-26 18:01:10,468 [INFO] Generating fine-tuned summary...
2024-09-26 18:01:37,035 [INFO] Summary generated successfully. Now cleaning up the text.
2024-09-26 18:01:37,035 [INFO] Cleaning summary to remove filler words...
2024-09-26 18:01:37,036 [INFO] Cleaning summary to remove filler words...
2024-09-26 18:01:37,036 [INFO] Cleaning summary to remove filler words...
2024-09-26 18:01:37,046 [INFO] Using default tokenizer.
2024-09-26 18:04:46,824 [INFO] Loading model google/pegasus-xsum...
2024-09-26 18:04:53,248 [INFO] Model google/pegasus-xsum loaded successfully.
2024-09-26 18:04:53,576 [INFO] Tokenizing input text for summarization.
2024-09-26 18:04:53,578 [INFO] Generating fine-tuned summary...
2024-09-26 18:05:25,487 [INFO] Summary generated successfully. Now cleaning up the text.
2024-09-26 18:05:25,487 [INFO] Cleaning summary to remove filler words...
2024-09-26 18:05:25,487 [INFO] Cleaning summary to remove filler words...
2024-09-26 18:05:25,487 [INFO] Cleaning summary to remove filler words...
2024-09-26 18:05:25,496 [INFO] Using default tokenizer.
2024-09-26 18:06:39,646 [INFO] Loading model google/pegasus-xsum...
2024-09-26 18:06:45,677 [INFO] Model google/pegasus-xsum loaded successfully.
2024-09-26 18:06:46,010 [INFO] Tokenizing input text for summarization.
2024-09-26 18:06:46,012 [INFO] Generating fine-tuned summary...
2024-09-26 18:07:11,967 [INFO] Summary generated successfully. Now cleaning up the text.
2024-09-26 18:07:11,968 [INFO] Cleaning summary to remove filler words...
2024-09-26 18:07:11,968 [INFO] Cleaning summary to remove filler words...
2024-09-26 18:07:11,968 [INFO] Cleaning summary to remove filler words...
2024-09-26 18:07:11,977 [INFO] Using default tokenizer.
2024-09-26 18:13:20,508 [INFO] Loading model google/pegasus-xsum...
2024-09-26 18:13:26,024 [INFO] Model google/pegasus-xsum loaded successfully.
2024-09-26 18:13:26,358 [INFO] Tokenizing input text for summarization.
2024-09-26 18:13:26,361 [INFO] Generating fine-tuned summary...
2024-09-26 18:13:58,916 [INFO] Summary generated successfully. Now cleaning up the text.
2024-09-26 18:13:58,916 [INFO] Cleaning summary to remove filler words...
2024-09-26 18:13:58,916 [INFO] Cleaning summary to remove filler words...
2024-09-26 18:13:58,916 [INFO] Cleaning summary to remove filler words...
2024-09-26 18:13:58,923 [INFO] Using default tokenizer.
2024-09-26 18:21:20,139 [INFO] Loading model google/pegasus-xsum...
2024-09-26 18:21:31,369 [INFO] Model google/pegasus-xsum loaded successfully.
2024-09-26 18:21:32,398 [INFO] Tokenizing input text for summarization.
2024-09-26 18:21:32,400 [INFO] Generating fine-tuned summary...
2024-09-26 18:22:06,803 [INFO] Cleaning summary to remove filler words...
2024-09-26 18:22:06,804 [INFO] Cleaning summary to remove filler words...
2024-09-26 18:22:06,804 [INFO] Cleaning summary to remove filler words...
2024-09-26 18:22:06,811 [INFO] Using default tokenizer.
2024-09-26 18:22:06,895 [ERROR] Error during summarization: Predictions and/or references don't match the expected format.
Expected format:
Feature option 0: {'predictions': Value(dtype='string', id='sequence'), 'references': Sequence(feature=Value(dtype='string', id='sequence'), length=-1, id='references')}
Feature option 1: {'predictions': Value(dtype='string', id='sequence'), 'references': Value(dtype='string', id='sequence')},
Input predictions: ['China’s', 'economic', 'growth', ..., '26', 'April..,', 'p.'],
Input references: [['After', 'a', 'challenging', 'few', 'years,', 'Chinese', 'officials', 'are', 'steering', 'activity', 'and', 'investment', 'towards', 'manufacturing', 'and', 'exports', 'to', 'compensate', 'for', 'domestic', 'consumers’', 'reluctance', 'to', 'spend', 'and', 'a', 'continuing', 'crunch', 'in', 'the', 'property', 'market.', 'As', 'a', 'result,', 'China’s', 'economy', 'picked', 'up', 'pace', 'in', 'the', 'first', 'quarter,', 'propelled', 'by', 'a', 'rise', 'in', 'industrial', 'production', 'and', 'swelling', 'investment', 'in', 'factories.', 'However', 'this', 'approach', 'is', 'leading', 'to', 'a', 'lopsided', 'recovery.', 'Domestically,', 'with', 'familiar', 'signs', 'of', 'weakness', 'in', 'consumption', 'and', 'real', '\xadestate', 'in', 'the', 'first', 'three', 'months', 'of', 'the', 'year,', 'many', 'economists', 'say', 'Beijing', 'still', 'isn’t', 'doing', 'enough', 'to', 'support', 'households', 'and', 'nurture', 'a', 'more', 'balanced', 'recovery.', 'Outside', 'China,', 'Western', 'governments', 'and', 'some', 'big', 'emerging', 'economies', 'are', 'crying', 'foul', 'over', 'a', 'growing', 'wave', 'of', 'cheap', 'Chinese', 'imports', 'they', 'say', 'threaten', 'domestic', 'jobs', 'and', 'industries,', 'while', 'the', 'International', 'Monetary', 'Fund', 'and', 'others', 'warn', 'that', 'these', 'mounting', 'tensions', 'over', 'trade', 'could', 'lead', 'to', 'the', 'global', 'economy', 'fracturing,', 'with', 'blocs', 'of', 'countries', 'allied', 'around', 'the', 'US', 'and', 'China,', 'respectively.']]
2024-09-26 18:28:02,446 [INFO] Loading model google/pegasus-xsum...
2024-09-26 18:28:07,980 [INFO] Model google/pegasus-xsum loaded successfully.
2024-09-26 18:28:08,931 [INFO] Tokenizing input text for summarization.
2024-09-26 18:28:08,933 [INFO] Generating fine-tuned summary...
2024-09-26 18:28:43,257 [INFO] Cleaning summary to remove filler words...
2024-09-26 18:28:43,258 [INFO] Cleaning summary to remove filler words...
2024-09-26 18:28:43,258 [INFO] Cleaning summary to remove filler words...
2024-09-26 18:28:43,267 [INFO] Using default tokenizer.
2024-09-26 18:28:43,360 [ERROR] Error during summarization: Predictions and/or references don't match the expected format.
Expected format:
Feature option 0: {'predictions': Value(dtype='string', id='sequence'), 'references': Sequence(feature=Value(dtype='string', id='sequence'), length=-1, id='references')}
Feature option 1: {'predictions': Value(dtype='string', id='sequence'), 'references': Value(dtype='string', id='sequence')},
Input predictions: ['China’s', 'economic', 'growth', ..., 'of', 'the', 'article.'],
Input references: [['After', 'a', 'challenging', 'few', 'years,', 'Chinese', 'officials', 'are', 'steering', 'activity', 'and', 'investment', 'towards', 'manufacturing', 'and', 'exports', 'to', 'compensate', 'for', 'domestic', 'consumers’', 'reluctance', 'to', 'spend', 'and', 'a', 'continuing', 'crunch', 'in', 'the', 'property', 'market.', 'As', 'a', 'result,', 'China’s', 'economy', 'picked', 'up', 'pace', 'in', 'the', 'first', 'quarter,', 'propelled', 'by', 'a', 'rise', 'in', 'industrial', 'production', 'and', 'swelling', 'investment', 'in', 'factories.', 'However', 'this', 'approach', 'is', 'leading', 'to', 'a', 'lopsided', 'recovery.', 'Domestically,', 'with', 'familiar', 'signs', 'of', 'weakness', 'in', 'consumption', 'and', 'real', '\xadestate', 'in', 'the', 'first', 'three', 'months', 'of', 'the', 'year,', 'many', 'economists', 'say', 'Beijing', 'still', 'isn’t', 'doing', 'enough', 'to', 'support', 'households', 'and', 'nurture', 'a', 'more', 'balanced', 'recovery.', 'Outside', 'China,', 'Western', 'governments', 'and', 'some', 'big', 'emerging', 'economies', 'are', 'crying', 'foul', 'over', 'a', 'growing', 'wave', 'of', 'cheap', 'Chinese', 'imports', 'they', 'say', 'threaten', 'domestic', 'jobs', 'and', 'industries,', 'while', 'the', 'International', 'Monetary', 'Fund', 'and', 'others', 'warn', 'that', 'these', 'mounting', 'tensions', 'over', 'trade', 'could', 'lead', 'to', 'the', 'global', 'economy', 'fracturing,', 'with', 'blocs', 'of', 'countries', 'allied', 'around', 'the', 'US', 'and', 'China,', 'respectively.']]
2024-09-26 18:33:01,489 [INFO] Loading model google/pegasus-xsum...
2024-09-26 18:33:06,374 [INFO] Model google/pegasus-xsum loaded successfully.
2024-09-26 18:33:07,674 [INFO] Tokenizing input text for summarization.
2024-09-26 18:33:07,677 [INFO] Generating fine-tuned summary...
2024-09-26 18:33:42,660 [INFO] Cleaning summary to remove filler words...
2024-09-26 18:33:42,660 [INFO] Cleaning summary to remove filler words...
2024-09-26 18:33:42,660 [INFO] Cleaning summary to remove filler words...
2024-09-26 18:33:42,684 [INFO] Using default tokenizer.
2024-09-26 18:33:42,793 [ERROR] Error during summarization: Predictions and/or references don't match the expected format.
Expected format:
Feature option 0: {'predictions': Value(dtype='string', id='sequence'), 'references': Sequence(feature=Value(dtype='string', id='sequence'), length=-1, id='references')}
Feature option 1: {'predictions': Value(dtype='string', id='sequence'), 'references': Value(dtype='string', id='sequence')},
Input predictions: ['China’s', 'economic', 'growth', ..., 'World', 'News', 'website.'],
Input references: [['After', 'a', 'challenging', 'few', 'years,', 'Chinese', 'officials', 'are', 'steering', 'activity', 'and', 'investment', 'towards', 'manufacturing', 'and', 'exports', 'to', 'compensate', 'for', 'domestic', 'consumers’', 'reluctance', 'to', 'spend', 'and', 'a', 'continuing', 'crunch', 'in', 'the', 'property', 'market.', 'As', 'a', 'result,', 'China’s', 'economy', 'picked', 'up', 'pace', 'in', 'the', 'first', 'quarter,', 'propelled', 'by', 'a', 'rise', 'in', 'industrial', 'production', 'and', 'swelling', 'investment', 'in', 'factories.', 'However', 'this', 'approach', 'is', 'leading', 'to', 'a', 'lopsided', 'recovery.', 'Domestically,', 'with', 'familiar', 'signs', 'of', 'weakness', 'in', 'consumption', 'and', 'real', '\xadestate', 'in', 'the', 'first', 'three', 'months', 'of', 'the', 'year,', 'many', 'economists', 'say', 'Beijing', 'still', 'isn’t', 'doing', 'enough', 'to', 'support', 'households', 'and', 'nurture', 'a', 'more', 'balanced', 'recovery.', 'Outside', 'China,', 'Western', 'governments', 'and', 'some', 'big', 'emerging', 'economies', 'are', 'crying', 'foul', 'over', 'a', 'growing', 'wave', 'of', 'cheap', 'Chinese', 'imports', 'they', 'say', 'threaten', 'domestic', 'jobs', 'and', 'industries,', 'while', 'the', 'International', 'Monetary', 'Fund', 'and', 'others', 'warn', 'that', 'these', 'mounting', 'tensions', 'over', 'trade', 'could', 'lead', 'to', 'the', 'global', 'economy', 'fracturing,', 'with', 'blocs', 'of', 'countries', 'allied', 'around', 'the', 'US', 'and', 'China,', 'respectively.']]
2024-09-26 18:57:57,538 [INFO] Loading model google/pegasus-xsum...
2024-09-26 18:58:00,347 [INFO] Model google/pegasus-xsum loaded successfully.
2024-09-26 18:58:01,362 [INFO] Tokenizing input text for summarization.
2024-09-26 18:58:01,365 [INFO] Generating fine-tuned summary...
2024-09-26 18:58:37,834 [INFO] Cleaning summary to remove filler words...
2024-09-26 18:58:37,834 [INFO] Cleaning summary to remove filler words...
2024-09-26 18:58:37,834 [INFO] Cleaning summary to remove filler words...
2024-09-26 18:58:37,843 [INFO] Using default tokenizer.
2024-09-26 18:58:37,932 [ERROR] Error during summarization: Predictions and/or references don't match the expected format.
Expected format:
Feature option 0: {'predictions': Value(dtype='string', id='sequence'), 'references': Sequence(feature=Value(dtype='string', id='sequence'), length=-1, id='references')}
Feature option 1: {'predictions': Value(dtype='string', id='sequence'), 'references': Value(dtype='string', id='sequence')},
Input predictions: ['China’s', 'economic', 'growth', ..., '26', 'April,', '2018....'],
Input references: [['After', 'a', 'challenging', 'few', 'years,', 'Chinese', 'officials', 'are', 'steering', 'activity', 'and', 'investment', 'towards', 'manufacturing', 'and', 'exports', 'to', 'compensate', 'for', 'domestic', 'consumers’', 'reluctance', 'to', 'spend', 'and', 'a', 'continuing', 'crunch', 'in', 'the', 'property', 'market.', 'As', 'a', 'result,', 'China’s', 'economy', 'picked', 'up', 'pace', 'in', 'the', 'first', 'quarter,', 'propelled', 'by', 'a', 'rise', 'in', 'industrial', 'production', 'and', 'swelling', 'investment', 'in', 'factories.', 'However', 'this', 'approach', 'is', 'leading', 'to', 'a', 'lopsided', 'recovery.', 'Domestically,', 'with', 'familiar', 'signs', 'of', 'weakness', 'in', 'consumption', 'and', 'real', '\xadestate', 'in', 'the', 'first', 'three', 'months', 'of', 'the', 'year,', 'many', 'economists', 'say', 'Beijing', 'still', 'isn’t', 'doing', 'enough', 'to', 'support', 'households', 'and', 'nurture', 'a', 'more', 'balanced', 'recovery.', 'Outside', 'China,', 'Western', 'governments', 'and', 'some', 'big', 'emerging', 'economies', 'are', 'crying', 'foul', 'over', 'a', 'growing', 'wave', 'of', 'cheap', 'Chinese', 'imports', 'they', 'say', 'threaten', 'domestic', 'jobs', 'and', 'industries,', 'while', 'the', 'International', 'Monetary', 'Fund', 'and', 'others', 'warn', 'that', 'these', 'mounting', 'tensions', 'over', 'trade', 'could', 'lead', 'to', 'the', 'global', 'economy', 'fracturing,', 'with', 'blocs', 'of', 'countries', 'allied', 'around', 'the', 'US', 'and', 'China,', 'respectively.']]
2024-09-26 18:58:54,099 [INFO] Loading model google/pegasus-xsum...
2024-09-26 18:58:57,154 [INFO] Model google/pegasus-xsum loaded successfully.
2024-09-26 18:58:58,214 [INFO] Tokenizing input text for summarization.
2024-09-26 18:58:58,217 [INFO] Generating fine-tuned summary...
2024-09-26 18:59:14,347 [INFO] Cleaning summary to remove filler words...
2024-09-26 18:59:14,348 [INFO] Cleaning summary to remove filler words...
2024-09-26 18:59:14,348 [INFO] Cleaning summary to remove filler words...
2024-09-26 18:59:14,361 [INFO] Using default tokenizer.
2024-09-26 18:59:14,467 [ERROR] Error during summarization: Predictions and/or references don't match the expected format.
Expected format:
Feature option 0: {'predictions': Value(dtype='string', id='sequence'), 'references': Sequence(feature=Value(dtype='string', id='sequence'), length=-1, id='references')}
Feature option 1: {'predictions': Value(dtype='string', id='sequence'), 'references': Value(dtype='string', id='sequence')},
Input predictions: ['China’s', 'economic', 'growth', ..., 'China', 'Daily', 'newspaper.'],
Input references: [['After', 'a', 'challenging', 'few', 'years,', 'Chinese', 'officials', 'are', 'steering', 'activity', 'and', 'investment', 'towards', 'manufacturing', 'and', 'exports', 'to', 'compensate', 'for', 'domestic', 'consumers’', 'reluctance', 'to', 'spend', 'and', 'a', 'continuing', 'crunch', 'in', 'the', 'property', 'market.', 'As', 'a', 'result,', 'China’s', 'economy', 'picked', 'up', 'pace', 'in', 'the', 'first', 'quarter,', 'propelled', 'by', 'a', 'rise', 'in', 'industrial', 'production', 'and', 'swelling', 'investment', 'in', 'factories.', 'However', 'this', 'approach', 'is', 'leading', 'to', 'a', 'lopsided', 'recovery.', 'Domestically,', 'with', 'familiar', 'signs', 'of', 'weakness', 'in', 'consumption', 'and', 'real', '\xadestate', 'in', 'the', 'first', 'three', 'months', 'of', 'the', 'year,', 'many', 'economists', 'say', 'Beijing', 'still', 'isn’t', 'doing', 'enough', 'to', 'support', 'households', 'and', 'nurture', 'a', 'more', 'balanced', 'recovery.', 'Outside', 'China,', 'Western', 'governments', 'and', 'some', 'big', 'emerging', 'economies', 'are', 'crying', 'foul', 'over', 'a', 'growing', 'wave', 'of', 'cheap', 'Chinese', 'imports', 'they', 'say', 'threaten', 'domestic', 'jobs', 'and', 'industries,', 'while', 'the', 'International', 'Monetary', 'Fund', 'and', 'others', 'warn', 'that', 'these', 'mounting', 'tensions', 'over', 'trade', 'could', 'lead', 'to', 'the', 'global', 'economy', 'fracturing,', 'with', 'blocs', 'of', 'countries', 'allied', 'around', 'the', 'US', 'and', 'China,', 'respectively.']]
2024-09-26 18:59:27,393 [INFO] Loading model google/pegasus-xsum...
2024-09-26 18:59:30,218 [INFO] Model google/pegasus-xsum loaded successfully.
2024-09-26 18:59:31,090 [INFO] Tokenizing input text for summarization.
2024-09-26 18:59:31,092 [INFO] Generating fine-tuned summary...
2024-09-26 18:59:46,217 [INFO] Cleaning summary to remove filler words...
2024-09-26 18:59:46,217 [INFO] Cleaning summary to remove filler words...
2024-09-26 18:59:46,218 [INFO] Cleaning summary to remove filler words...
2024-09-26 18:59:46,228 [INFO] Using default tokenizer.
2024-09-26 18:59:46,340 [ERROR] Error during summarization: Predictions and/or references don't match the expected format.
Expected format:
Feature option 0: {'predictions': Value(dtype='string', id='sequence'), 'references': Sequence(feature=Value(dtype='string', id='sequence'), length=-1, id='references')}
Feature option 1: {'predictions': Value(dtype='string', id='sequence'), 'references': Value(dtype='string', id='sequence')},
Input predictions: ['China’s', 'economic', 'growth', ..., 'broader', 'trade', 'impeded.'],
Input references: [['After', 'a', 'challenging', 'few', 'years,', 'Chinese', 'officials', 'are', 'steering', 'activity', 'and', 'investment', 'towards', 'manufacturing', 'and', 'exports', 'to', 'compensate', 'for', 'domestic', 'consumers’', 'reluctance', 'to', 'spend', 'and', 'a', 'continuing', 'crunch', 'in', 'the', 'property', 'market.', 'As', 'a', 'result,', 'China’s', 'economy', 'picked', 'up', 'pace', 'in', 'the', 'first', 'quarter,', 'propelled', 'by', 'a', 'rise', 'in', 'industrial', 'production', 'and', 'swelling', 'investment', 'in', 'factories.', 'However', 'this', 'approach', 'is', 'leading', 'to', 'a', 'lopsided', 'recovery.', 'Domestically,', 'with', 'familiar', 'signs', 'of', 'weakness', 'in', 'consumption', 'and', 'real', '\xadestate', 'in', 'the', 'first', 'three', 'months', 'of', 'the', 'year,', 'many', 'economists', 'say', 'Beijing', 'still', 'isn’t', 'doing', 'enough', 'to', 'support', 'households', 'and', 'nurture', 'a', 'more', 'balanced', 'recovery.', 'Outside', 'China,', 'Western', 'governments', 'and', 'some', 'big', 'emerging', 'economies', 'are', 'crying', 'foul', 'over', 'a', 'growing', 'wave', 'of', 'cheap', 'Chinese', 'imports', 'they', 'say', 'threaten', 'domestic', 'jobs', 'and', 'industries,', 'while', 'the', 'International', 'Monetary', 'Fund', 'and', 'others', 'warn', 'that', 'these', 'mounting', 'tensions', 'over', 'trade', 'could', 'lead', 'to', 'the', 'global', 'economy', 'fracturing,', 'with', 'blocs', 'of', 'countries', 'allied', 'around', 'the', 'US', 'and', 'China,', 'respectively.']]
2024-09-26 19:00:08,001 [INFO] Loading model google/pegasus-xsum...
2024-09-26 19:00:10,914 [INFO] Model google/pegasus-xsum loaded successfully.
2024-09-26 19:00:11,237 [INFO] Tokenizing input text for summarization.
2024-09-26 19:00:11,239 [INFO] Generating fine-tuned summary...
2024-09-26 19:00:35,710 [INFO] Summary generated successfully. Now cleaning up the text.
2024-09-26 19:00:35,710 [INFO] Cleaning summary to remove filler words...
2024-09-26 19:00:35,711 [INFO] Cleaning summary to remove filler words...
2024-09-26 19:00:35,711 [INFO] Cleaning summary to remove filler words...
2024-09-26 19:00:35,724 [INFO] Using default tokenizer.
2024-09-26 19:05:31,777 [INFO] Loading model google/pegasus-xsum...
2024-09-26 19:05:34,680 [INFO] Model google/pegasus-xsum loaded successfully.
2024-09-26 19:05:35,014 [INFO] Tokenizing input text for summarization.
2024-09-26 19:05:35,017 [INFO] Generating fine-tuned summary...
2024-09-26 19:06:12,904 [INFO] Summary generated successfully. Now cleaning up the text.
2024-09-26 19:06:12,904 [INFO] Cleaning summary to remove filler words...
2024-09-26 19:06:12,904 [INFO] Cleaning summary to remove filler words...
2024-09-26 19:06:12,904 [INFO] Cleaning summary to remove filler words...
2024-09-26 19:06:12,912 [INFO] Using default tokenizer.
2024-09-26 19:12:16,295 [INFO] Loading model google/pegasus-xsum...
2024-09-26 19:12:20,297 [INFO] Model google/pegasus-xsum loaded successfully.
2024-09-26 19:12:20,680 [INFO] Tokenizing input text for summarization.
2024-09-26 19:12:20,682 [INFO] Generating fine-tuned summary...
2024-09-26 19:12:55,597 [INFO] Summary generated successfully. Now cleaning up the text.
2024-09-26 19:12:55,597 [INFO] Cleaning summary to remove filler words...
2024-09-26 19:12:55,597 [INFO] Cleaning summary to remove filler words...
2024-09-26 19:12:55,597 [INFO] Cleaning summary to remove filler words...
2024-09-26 19:12:55,605 [INFO] Using default tokenizer.
2024-09-26 19:12:55,681 [ERROR] Error during summarization: invalid index to scalar variable.
2024-09-26 19:13:51,063 [INFO] Loading model google/pegasus-xsum...
2024-09-26 19:13:53,905 [INFO] Model google/pegasus-xsum loaded successfully.
2024-09-26 19:13:54,259 [INFO] Tokenizing input text for summarization.
2024-09-26 19:13:54,261 [INFO] Generating fine-tuned summary...
2024-09-26 19:14:29,104 [INFO] Summary generated successfully. Now cleaning up the text.
2024-09-26 19:14:29,104 [INFO] Cleaning summary to remove filler words...
2024-09-26 19:14:29,104 [INFO] Cleaning summary to remove filler words...
2024-09-26 19:14:29,104 [INFO] Cleaning summary to remove filler words...
2024-09-26 19:14:29,114 [INFO] Using default tokenizer.
2024-09-26 19:14:29,190 [ERROR] Error during summarization: invalid index to scalar variable.
2024-09-26 19:15:11,079 [INFO] Loading model google/pegasus-xsum...
2024-09-26 19:15:14,034 [INFO] Model google/pegasus-xsum loaded successfully.
2024-09-26 19:15:14,370 [INFO] Tokenizing input text for summarization.
2024-09-26 19:15:14,372 [INFO] Generating fine-tuned summary...
2024-09-26 19:15:48,930 [INFO] Summary generated successfully. Now cleaning up the text.
2024-09-26 19:15:48,930 [INFO] Cleaning summary to remove filler words...
2024-09-26 19:15:48,930 [INFO] Cleaning summary to remove filler words...
2024-09-26 19:15:48,931 [INFO] Cleaning summary to remove filler words...
2024-09-26 19:15:48,938 [INFO] Using default tokenizer.
2024-09-26 19:15:49,014 [ERROR] Error during summarization: invalid index to scalar variable.
2024-09-26 19:18:59,488 [INFO] Loading model google/pegasus-xsum...
2024-09-26 19:19:02,444 [INFO] Model google/pegasus-xsum loaded successfully.
2024-09-26 19:19:02,794 [INFO] Tokenizing input text for summarization.
2024-09-26 19:19:02,796 [INFO] Generating fine-tuned summary...
2024-09-26 19:19:36,587 [INFO] Summary generated successfully. Now cleaning up the text.
2024-09-26 19:19:36,587 [INFO] Cleaning summary to remove filler words...
2024-09-26 19:19:36,588 [INFO] Cleaning summary to remove filler words...
2024-09-26 19:19:36,588 [INFO] Cleaning summary to remove filler words...
2024-09-26 19:19:36,596 [INFO] Using default tokenizer.
2024-09-26 19:19:36,670 [ERROR] Error during summarization: 'numpy.float64' object has no attribute 'get'
2024-09-26 19:24:17,090 [INFO] Loading model google/pegasus-xsum...
2024-09-26 19:24:19,996 [INFO] Model google/pegasus-xsum loaded successfully.
2024-09-26 19:24:20,347 [INFO] Tokenizing input text for summarization.
2024-09-26 19:24:20,349 [INFO] Generating fine-tuned summary...
2024-09-26 19:24:55,699 [INFO] Summary generated successfully. Now cleaning up the text.
2024-09-26 19:24:55,699 [INFO] Cleaning summary to remove filler words...
2024-09-26 19:24:55,699 [INFO] Cleaning summary to remove filler words...
2024-09-26 19:24:55,699 [INFO] Cleaning summary to remove filler words...
2024-09-26 19:24:55,707 [INFO] Using default tokenizer.
2024-09-26 19:24:55,782 [ERROR] Error during summarization: invalid index to scalar variable.
2024-09-26 19:26:05,776 [INFO] Loading model google/pegasus-xsum...
2024-09-26 19:26:08,601 [INFO] Model google/pegasus-xsum loaded successfully.
2024-09-26 19:26:08,920 [INFO] Tokenizing input text for summarization.
2024-09-26 19:26:08,921 [INFO] Generating fine-tuned summary...
2024-09-26 19:26:39,759 [INFO] Summary generated successfully. Now cleaning up the text.
2024-09-26 19:26:39,759 [INFO] Cleaning summary to remove filler words...
2024-09-26 19:26:39,759 [INFO] Cleaning summary to remove filler words...
2024-09-26 19:26:39,760 [INFO] Cleaning summary to remove filler words...
2024-09-26 19:26:39,767 [INFO] Using default tokenizer.
2024-09-26 19:29:37,655 [INFO] Loading model google/pegasus-xsum...
2024-09-26 19:29:40,863 [INFO] Model google/pegasus-xsum loaded successfully.
2024-09-26 19:29:42,091 [INFO] Tokenizing input text for summarization.
2024-09-26 19:29:42,093 [INFO] Generating fine-tuned summary...
2024-09-26 19:30:13,220 [INFO] Summary generated successfully. Now cleaning up the text.
2024-09-26 19:30:13,220 [INFO] Cleaning summary to remove filler words...
2024-09-26 19:30:13,221 [INFO] Cleaning summary to remove filler words...
2024-09-26 19:30:13,221 [INFO] Cleaning summary to remove filler words...
2024-09-26 19:30:13,230 [INFO] Using default tokenizer.
2024-09-26 19:30:13,314 [ERROR] Error during summarization: 'rougel'
2024-09-26 19:34:06,012 [INFO] Loading model google/pegasus-xsum...
2024-09-26 19:34:08,870 [INFO] Model google/pegasus-xsum loaded successfully.
2024-09-26 19:34:10,176 [INFO] Tokenizing input text for summarization.
2024-09-26 19:34:10,178 [INFO] Generating fine-tuned summary...
2024-09-26 19:34:41,719 [INFO] Summary generated successfully. Now cleaning up the text.
2024-09-26 19:34:41,719 [INFO] Cleaning summary to remove filler words...
2024-09-26 19:34:41,720 [INFO] Cleaning summary to remove filler words...
2024-09-26 19:34:41,720 [INFO] Cleaning summary to remove filler words...
2024-09-26 19:34:41,728 [INFO] Using default tokenizer.
2024-09-26 20:00:10,953 [INFO] Loading model google/pegasus-xsum...
2024-09-26 20:00:14,139 [INFO] Model google/pegasus-xsum loaded successfully.
2024-09-26 20:00:15,578 [INFO] Tokenizing input text for summarization.
2024-09-26 20:00:15,579 [INFO] Generating fine-tuned summary...
2024-09-26 20:00:50,424 [INFO] Summary generated successfully. Now cleaning up the text.
2024-09-26 20:00:50,424 [INFO] Cleaning summary to remove filler words...
2024-09-26 20:00:50,424 [INFO] Cleaning summary to remove filler words...
2024-09-26 20:00:50,424 [INFO] Cleaning summary to remove filler words...
2024-09-26 20:00:50,439 [INFO] Using default tokenizer.
2024-09-26 20:04:45,052 [INFO] Loading model google/pegasus-xsum...
2024-09-26 20:04:48,031 [INFO] Model google/pegasus-xsum loaded successfully.
2024-09-26 20:04:49,440 [INFO] Tokenizing input text for summarization.
2024-09-26 20:04:49,442 [INFO] Generating fine-tuned summary...
2024-09-26 20:05:23,670 [INFO] Summary generated successfully. Now cleaning up the text.
2024-09-26 20:05:23,670 [INFO] Cleaning summary to remove filler words...
2024-09-26 20:05:23,670 [INFO] Cleaning summary to remove filler words...
2024-09-26 20:05:23,670 [INFO] Cleaning summary to remove filler words...
2024-09-26 20:05:23,680 [INFO] Using default tokenizer.
2024-09-26 20:05:23,769 [ERROR] Error during summarization: invalid index to scalar variable.
2024-09-26 20:06:14,034 [INFO] Loading model google/pegasus-xsum...
2024-09-26 20:06:17,086 [INFO] Model google/pegasus-xsum loaded successfully.
2024-09-26 20:06:18,520 [INFO] Tokenizing input text for summarization.
2024-09-26 20:06:18,522 [INFO] Generating fine-tuned summary...
2024-09-26 20:06:48,349 [INFO] Summary generated successfully. Now cleaning up the text.
2024-09-26 20:06:48,349 [INFO] Cleaning summary to remove filler words...
2024-09-26 20:06:48,350 [INFO] Cleaning summary to remove filler words...
2024-09-26 20:06:48,350 [INFO] Cleaning summary to remove filler words...
2024-09-26 20:06:48,367 [INFO] Using default tokenizer.
2024-09-26 20:09:54,147 [INFO] Loading model google/pegasus-xsum...
2024-09-26 20:09:57,146 [INFO] Model google/pegasus-xsum loaded successfully.
2024-09-26 20:09:58,408 [INFO] Tokenizing input text for summarization.
2024-09-26 20:09:58,410 [INFO] Generating fine-tuned summary...
2024-09-26 20:10:29,266 [INFO] Summary generated successfully. Now cleaning up the text.
2024-09-26 20:10:29,267 [INFO] Cleaning summary to remove filler words...
2024-09-26 20:10:29,267 [INFO] Cleaning summary to remove filler words...
2024-09-26 20:10:29,267 [INFO] Cleaning summary to remove filler words...
2024-09-26 20:10:29,276 [INFO] Using default tokenizer.
2024-09-26 20:10:40,543 [ERROR] Error during summarization: invalid index to scalar variable.
2024-09-26 20:20:59,796 [INFO] Loading model google/pegasus-xsum...
2024-09-26 20:21:03,037 [INFO] Model google/pegasus-xsum loaded successfully.
2024-09-26 20:21:04,477 [INFO] Tokenizing input text for summarization.
2024-09-26 20:21:04,481 [INFO] Generating fine-tuned summary...
2024-09-26 20:21:36,875 [INFO] Summary generated successfully. Now cleaning up the text.
2024-09-26 20:21:36,875 [INFO] Cleaning summary to remove filler words...
2024-09-26 20:21:36,875 [INFO] Cleaning summary to remove filler words...
2024-09-26 20:21:36,875 [INFO] Cleaning summary to remove filler words...
2024-09-26 20:21:36,882 [INFO] Using default tokenizer.
2024-09-26 20:21:36,970 [ERROR] Error during summarization: invalid index to scalar variable.
2024-09-26 20:28:06,156 [INFO] Loading model google/pegasus-xsum...
2024-09-26 20:28:10,221 [INFO] Model google/pegasus-xsum loaded successfully.
2024-09-26 20:28:13,138 [INFO] Tokenizing input text for summarization.
2024-09-26 20:28:13,142 [INFO] Generating fine-tuned summary...
2024-09-26 20:28:49,631 [INFO] Summary generated successfully. Now cleaning up the text.
2024-09-26 20:28:49,631 [INFO] Cleaning summary to remove filler words...
2024-09-26 20:28:49,631 [INFO] Cleaning summary to remove filler words...
2024-09-26 20:28:49,631 [INFO] Cleaning summary to remove filler words...
2024-09-26 20:28:49,645 [INFO] Using default tokenizer.
2024-09-26 20:28:49,788 [ERROR] Error during summarization: 'TextSummarizer' object has no attribute 'plot_word_overlap'
2024-09-26 20:51:05,670 [INFO] Loading model google/pegasus-xsum...
2024-09-26 20:51:08,775 [INFO] Model google/pegasus-xsum loaded successfully.
2024-09-26 20:51:10,523 [INFO] Tokenizing input text for summarization.
2024-09-26 20:51:10,525 [INFO] Generating fine-tuned summary...
2024-09-26 20:51:42,641 [INFO] Summary generated successfully. Now cleaning up the text.
2024-09-26 20:51:42,642 [INFO] Cleaning summary to remove filler words...
2024-09-26 20:51:42,642 [INFO] Cleaning summary to remove filler words...
2024-09-26 20:51:42,642 [INFO] Cleaning summary to remove filler words...
2024-09-26 20:51:42,650 [INFO] Using default tokenizer.
2024-09-26 20:51:54,650 [ERROR] Error during summarization: invalid index to scalar variable.
2024-09-26 20:55:54,854 [INFO] Loading model google/pegasus-xsum...
2024-09-26 20:55:57,897 [INFO] Model google/pegasus-xsum loaded successfully.
2024-09-26 20:55:59,328 [INFO] Tokenizing input text for summarization.
2024-09-26 20:55:59,330 [INFO] Generating fine-tuned summary...
2024-09-26 20:56:35,858 [INFO] Summary generated successfully. Now cleaning up the text.
2024-09-26 20:56:35,858 [INFO] Cleaning summary to remove filler words...
2024-09-26 20:56:35,858 [INFO] Cleaning summary to remove filler words...
2024-09-26 20:56:35,858 [INFO] Cleaning summary to remove filler words...
2024-09-26 20:56:35,866 [INFO] Using default tokenizer.
